c:\users\hecto\universidad\2º\tpv2\asteroidstpv\holasdl\debug\vc141.pdb
c:\users\hecto\universidad\2º\tpv2\asteroidstpv\holasdl\debug\vc141.idb
c:\users\hecto\universidad\2º\tpv2\asteroidstpv\holasdl\debug\inputcomponent.obj
c:\users\hecto\universidad\2º\tpv2\asteroidstpv\holasdl\debug\main.obj
c:\users\hecto\universidad\2º\tpv2\asteroidstpv\holasdl\debug\music.obj
c:\users\hecto\universidad\2º\tpv2\asteroidstpv\holasdl\debug\observable.obj
c:\users\hecto\universidad\2º\tpv2\asteroidstpv\holasdl\debug\observer.obj
c:\users\hecto\universidad\2º\tpv2\asteroidstpv\holasdl\debug\physicscomponent.obj
c:\users\hecto\universidad\2º\tpv2\asteroidstpv\holasdl\debug\rendercomponent.obj
c:\users\hecto\universidad\2º\tpv2\asteroidstpv\holasdl\debug\resources.obj
c:\users\hecto\universidad\2º\tpv2\asteroidstpv\holasdl\debug\rotationphysics.obj
c:\users\hecto\universidad\2º\tpv2\asteroidstpv\holasdl\debug\scorerenderer.obj
c:\users\hecto\universidad\2º\tpv2\asteroidstpv\holasdl\debug\sdlgame.obj
c:\users\hecto\universidad\2º\tpv2\asteroidstpv\holasdl\debug\skeletonrenderer.obj
c:\users\hecto\universidad\2º\tpv2\asteroidstpv\holasdl\debug\soundeffect.obj
c:\users\hecto\universidad\2º\tpv2\asteroidstpv\holasdl\debug\soundmanager.obj
c:\users\hecto\universidad\2º\tpv2\asteroidstpv\holasdl\debug\startrekbulletmanager.obj
c:\users\hecto\universidad\2º\tpv2\asteroidstpv\holasdl\debug\starwarsbulletmanager.obj
c:\users\hecto\universidad\2º\tpv2\asteroidstpv\holasdl\debug\texture.obj
c:\users\hecto\universidad\2º\tpv2\asteroidstpv\holasdl\debug\time.obj
c:\users\hecto\universidad\2º\tpv2\asteroidstpv\holasdl\debug\timer.obj
c:\users\hecto\universidad\2º\tpv2\asteroidstpv\holasdl\debug\vector2d.obj
c:\users\hecto\universidad\2º\tpv2\asteroidstpv\holasdl\debug\basicmotionphysics.obj
c:\users\hecto\universidad\2º\tpv2\asteroidstpv\holasdl\debug\bullet.obj
c:\users\hecto\universidad\2º\tpv2\asteroidstpv\holasdl\debug\bulletsmanager.obj
c:\users\hecto\universidad\2º\tpv2\asteroidstpv\holasdl\debug\circularmotionphysics.obj
c:\users\hecto\universidad\2º\tpv2\asteroidstpv\holasdl\debug\collisions.obj
c:\users\hecto\universidad\2º\tpv2\asteroidstpv\holasdl\debug\collisionsmanager.obj
c:\users\hecto\universidad\2º\tpv2\asteroidstpv\holasdl\debug\container.obj
c:\users\hecto\universidad\2º\tpv2\asteroidstpv\holasdl\debug\demoactor.obj
c:\users\hecto\universidad\2º\tpv2\asteroidstpv\holasdl\debug\examplegame.obj
c:\users\hecto\universidad\2º\tpv2\asteroidstpv\holasdl\debug\fighter.obj
c:\users\hecto\universidad\2º\tpv2\asteroidstpv\holasdl\debug\fightersmanager.obj
c:\users\hecto\universidad\2º\tpv2\asteroidstpv\holasdl\debug\fillrectrenderer.obj
c:\users\hecto\universidad\2º\tpv2\asteroidstpv\holasdl\debug\font.obj
c:\users\hecto\universidad\2º\tpv2\asteroidstpv\holasdl\debug\gamecomponent.obj
c:\users\hecto\universidad\2º\tpv2\asteroidstpv\holasdl\debug\gamectrlinputcomponent.obj
c:\users\hecto\universidad\2º\tpv2\asteroidstpv\holasdl\debug\gamemanager.obj
c:\users\hecto\universidad\2º\tpv2\asteroidstpv\holasdl\debug\gamemsgrenderer.obj
c:\users\hecto\universidad\2º\tpv2\asteroidstpv\holasdl\debug\gameobject.obj
c:\users\hecto\universidad\2º\tpv2\asteroidstpv\holasdl\debug\guninputcomponent.obj
c:\users\hecto\universidad\2º\tpv2\asteroidstpv\holasdl\debug\imagerenderer.obj
c:\users\hecto\universidad\2º\tpv2\asteroidstpv\holasdl\debug\accelerationinputcomponent.obj
c:\users\hecto\universidad\2º\tpv2\asteroidstpv\holasdl\debug\asteroid.obj
c:\users\hecto\universidad\2º\tpv2\asteroidstpv\holasdl\debug\asteroidmanager.obj
c:\users\hecto\universidad\2º\tpv2\asteroidstpv\holasdl\debug\badgetimer.obj
c:\users\hecto\universidad\2º\tpv2\asteroidstpv\holasdl\debug\basickbctrlcomponent.obj
c:\users\hecto\universidad\2º\tpv2\asteroidstpv\holasdl\debug\livesrenderer.obj
c:\users\hecto\universidad\2º\tpv2\asteroidstpv\holasdl\debug\badgerenderer.obj
c:\users\hecto\universidad\2º\tpv2\asteroidstpv\bin\holasdldebug.lib
c:\users\hecto\universidad\2º\tpv2\asteroidstpv\bin\holasdldebug.exp
c:\users\hecto\universidad\2º\tpv2\asteroidstpv\bin\holasdldebug.exe
c:\users\hecto\universidad\2º\tpv2\asteroidstpv\bin\holasdldebug.ilk
c:\users\hecto\universidad\2º\tpv2\asteroidstpv\bin\holasdldebug.pdb
c:\users\hecto\universidad\2º\tpv2\asteroidstpv\holasdl\debug\accelerationcomponent.obj
c:\users\hecto\universidad\2º\tpv2\asteroidstpv\holasdl\debug\asteroidmanager.obj.enc
c:\users\hecto\universidad\2º\tpv2\asteroidstpv\holasdl\debug\holasdl.tlog\cl.command.1.tlog
c:\users\hecto\universidad\2º\tpv2\asteroidstpv\holasdl\debug\holasdl.tlog\cl.read.1.tlog
c:\users\hecto\universidad\2º\tpv2\asteroidstpv\holasdl\debug\holasdl.tlog\cl.write.1.tlog
c:\users\hecto\universidad\2º\tpv2\asteroidstpv\holasdl\debug\holasdl.tlog\holasdl.write.1u.tlog
c:\users\hecto\universidad\2º\tpv2\asteroidstpv\holasdl\debug\holasdl.tlog\link.command.1.tlog
c:\users\hecto\universidad\2º\tpv2\asteroidstpv\holasdl\debug\holasdl.tlog\link.read.1.tlog
c:\users\hecto\universidad\2º\tpv2\asteroidstpv\holasdl\debug\holasdl.tlog\link.write.1.tlog
