  Vector2D.cpp
  Texture.cpp
  SoundEffect.cpp
  SkeletonRenderer.cpp
c:\users\hecto\universidad\2º\tpv2\asteroidstpv\holasdl\skeletonrenderer.cpp(42): warning C4244: 'argumento': conversión de 'double' a 'int'; posible pérdida de datos
c:\users\hecto\universidad\2º\tpv2\asteroidstpv\holasdl\skeletonrenderer.cpp(44): warning C4244: 'argumento': conversión de 'double' a 'int'; posible pérdida de datos
c:\users\hecto\universidad\2º\tpv2\asteroidstpv\holasdl\skeletonrenderer.cpp(46): warning C4244: 'argumento': conversión de 'double' a 'int'; posible pérdida de datos
c:\users\hecto\universidad\2º\tpv2\asteroidstpv\holasdl\skeletonrenderer.cpp(48): warning C4244: 'argumento': conversión de 'double' a 'int'; posible pérdida de datos
c:\users\hecto\universidad\2º\tpv2\asteroidstpv\holasdl\skeletonrenderer.cpp(53): warning C4244: 'argumento': conversión de 'double' a 'int'; posible pérdida de datos
c:\users\hecto\universidad\2º\tpv2\asteroidstpv\holasdl\skeletonrenderer.cpp(61): warning C4244: 'argumento': conversión de 'double' a 'int'; posible pérdida de datos
  SDLGame.cpp
  Resources.cpp
  RenderComponent.cpp
  PhysicsComponent.cpp
  Music.cpp
  main.cpp
  InputComponent.cpp
  ImageRenderer.cpp
  GameObject.cpp
  GameComponent.cpp
  Font.cpp
  FillRectRenderer.cpp
  ExampleGame.cpp
c:\users\hecto\universidad\2º\tpv2\asteroidstpv\holasdl\accelerationinputcomponent.h(8): warning C4305: 'inicializando': truncamiento de 'double' a 'float'
  DemoActor.cpp
  Collisions.cpp
  BasicMotionPhysics.cpp
  Generando código...
  Compilando...
  BasicKBCtrlComponent.cpp
  AccelerationInputComponent.cpp
c:\users\hecto\universidad\2º\tpv2\asteroidstpv\holasdl\accelerationinputcomponent.h(8): warning C4305: 'inicializando': truncamiento de 'double' a 'float'
  Generando código...
     Creando biblioteca C:\Users\hecto\UNIVERSIDAD\2º\TPV2\AsteroidsTPV\bin\HolaSDLDebug.lib y objeto C:\Users\hecto\UNIVERSIDAD\2º\TPV2\AsteroidsTPV\bin\HolaSDLDebug.exp
  HolaSDL.vcxproj -> C:\Users\hecto\UNIVERSIDAD\2º\TPV2\AsteroidsTPV\bin\HolaSDLDebug.exe
